# JRE version: OpenJDK Runtime Environment (7.0_101) (build 1.7.0_101-b00)
# Java VM: OpenJDK 64-Bit Server VM (24.95-b01 mixed mode linux-amd64 compressed oops)
Heap
 PSYoungGen      total 233472K, used 0K [0x00000000eaa80000, 0x0000000100000000, 0x0000000100000000)
  eden space 117248K, 0% used [0x00000000eaa80000,0x00000000eaa80000,0x00000000f1d00000)
  from space 116224K, 0% used [0x00000000f1d00000,0x00000000f1d00000,0x00000000f8e80000)
  to   space 113152K, 0% used [0x00000000f9180000,0x00000000f9180000,0x0000000100000000)
 ParOldGen       total 265216K, used 173953K [0x00000000c0000000, 0x00000000d0300000, 0x00000000eaa80000)
  object space 265216K, 65% used [0x00000000c0000000,0x00000000ca9e0438,0x00000000d0300000)
 PSPermGen       total 21504K, used 6395K [0x00000000b5a00000, 0x00000000b6f00000, 0x00000000c0000000)
  object space 21504K, 29% used [0x00000000b5a00000,0x00000000b603ed28,0x00000000b6f00000)
GC Heap History (10 events):
Event: 22.686 GC heap after
Heap after GC invocations=14 (full 2):
 PSYoungGen      total 238080K, used 81911K [0x00000000eaa80000, 0x0000000100000000, 0x0000000100000000)
  eden space 156160K, 0% used [0x00000000eaa80000,0x00000000eaa80000,0x00000000f4300000)
  from space 81920K, 99% used [0x00000000fa880000,0x00000000ff87dc90,0x00000000ff880000)
  to   space 96768K, 0% used [0x00000000f4300000,0x00000000f4300000,0x00000000fa180000)
 ParOldGen       total 266752K, used 168174K [0x00000000c0000000, 0x00000000d0480000, 0x00000000eaa80000)
  object space 266752K, 63% used [0x00000000c0000000,0x00000000ca43bbd0,0x00000000d0480000)
 PSPermGen       total 21504K, used 6389K [0x00000000b5a00000, 0x00000000b6f00000, 0x00000000c0000000)
  object space 21504K, 29% used [0x00000000b5a00000,0x00000000b603d590,0x00000000b6f00000)
}
Event: 26.469 GC heap before
{Heap before GC invocations=15 (full 2):
 PSYoungGen      total 238080K, used 238071K [0x00000000eaa80000, 0x0000000100000000, 0x0000000100000000)
  eden space 156160K, 100% used [0x00000000eaa80000,0x00000000f4300000,0x00000000f4300000)
  from space 81920K, 99% used [0x00000000fa880000,0x00000000ff87dc90,0x00000000ff880000)
  to   space 96768K, 0% used [0x00000000f4300000,0x00000000f4300000,0x00000000fa180000)
 ParOldGen       total 266752K, used 168174K [0x00000000c0000000, 0x00000000d0480000, 0x00000000eaa80000)
  object space 266752K, 63% used [0x00000000c0000000,0x00000000ca43bbd0,0x00000000d0480000)
 PSPermGen       total 21504K, used 6395K [0x00000000b5a00000, 0x00000000b6f00000, 0x00000000c0000000)
  object space 21504K, 29% used [0x00000000b5a00000,0x00000000b603ed38,0x00000000b6f00000)
Event: 26.848 GC heap after
Heap after GC invocations=15 (full 2):
 PSYoungGen      total 238592K, used 82362K [0x00000000eaa80000, 0x0000000100000000, 0x0000000100000000)
  eden space 156160K, 0% used [0x00000000eaa80000,0x00000000eaa80000,0x00000000f4300000)
  from space 82432K, 99% used [0x00000000f4300000,0x00000000f936e878,0x00000000f9380000)
  to   space 108544K, 0% used [0x00000000f9600000,0x00000000f9600000,0x0000000100000000)
 ParOldGen       total 266752K, used 248245K [0x00000000c0000000, 0x00000000d0480000, 0x00000000eaa80000)
  object space 266752K, 93% used [0x00000000c0000000,0x00000000cf26d588,0x00000000d0480000)
 PSPermGen       total 21504K, used 6395K [0x00000000b5a00000, 0x00000000b6f00000, 0x00000000c0000000)
  object space 21504K, 29% used [0x00000000b5a00000,0x00000000b603ed38,0x00000000b6f00000)
}
Event: 26.848 GC heap before
{Heap before GC invocations=16 (full 3):
 PSYoungGen      total 238592K, used 82362K [0x00000000eaa80000, 0x0000000100000000, 0x0000000100000000)
  eden space 156160K, 0% used [0x00000000eaa80000,0x00000000eaa80000,0x00000000f4300000)
  from space 82432K, 99% used [0x00000000f4300000,0x00000000f936e878,0x00000000f9380000)
  to   space 108544K, 0% used [0x00000000f9600000,0x00000000f9600000,0x0000000100000000)
 ParOldGen       total 266752K, used 248245K [0x00000000c0000000, 0x00000000d0480000, 0x00000000eaa80000)
  object space 266752K, 93% used [0x00000000c0000000,0x00000000cf26d588,0x00000000d0480000)
 PSPermGen       total 21504K, used 6395K [0x00000000b5a00000, 0x00000000b6f00000, 0x00000000c0000000)
  object space 21504K, 29% used [0x00000000b5a00000,0x00000000b603ed38,0x00000000b6f00000)
Event: 27.953 GC heap after
Heap after GC invocations=16 (full 3):
 PSYoungGen      total 238592K, used 0K [0x00000000eaa80000, 0x0000000100000000, 0x0000000100000000)
  eden space 156160K, 0% used [0x00000000eaa80000,0x00000000eaa80000,0x00000000f4300000)
  from space 82432K, 0% used [0x00000000f4300000,0x00000000f4300000,0x00000000f9380000)
  to   space 108544K, 0% used [0x00000000f9600000,0x00000000f9600000,0x0000000100000000)
 ParOldGen       total 265216K, used 122113K [0x00000000c0000000, 0x00000000d0300000, 0x00000000eaa80000)
  object space 265216K, 46% used [0x00000000c0000000,0x00000000c77407f0,0x00000000d0300000)
 PSPermGen       total 21504K, used 6394K [0x00000000b5a00000, 0x00000000b6f00000, 0x00000000c0000000)
  object space 21504K, 29% used [0x00000000b5a00000,0x00000000b603e958,0x00000000b6f00000)
}
Event: 28.215 GC heap before
{Heap before GC invocations=17 (full 3):
 PSYoungGen      total 238592K, used 156160K [0x00000000eaa80000, 0x0000000100000000, 0x0000000100000000)
  eden space 156160K, 100% used [0x00000000eaa80000,0x00000000f4300000,0x00000000f4300000)
  from space 82432K, 0% used [0x00000000f4300000,0x00000000f4300000,0x00000000f9380000)
  to   space 108544K, 0% used [0x00000000f9600000,0x00000000f9600000,0x0000000100000000)
 ParOldGen       total 265216K, used 122113K [0x00000000c0000000, 0x00000000d0300000, 0x00000000eaa80000)
  object space 265216K, 46% used [0x00000000c0000000,0x00000000c77407f0,0x00000000d0300000)
 PSPermGen       total 21504K, used 6394K [0x00000000b5a00000, 0x00000000b6f00000, 0x00000000c0000000)
  object space 21504K, 29% used [0x00000000b5a00000,0x00000000b603eae8,0x00000000b6f00000)
Event: 28.308 GC heap after
Heap after GC invocations=17 (full 3):
 PSYoungGen      total 225792K, used 78325K [0x00000000eaa80000, 0x0000000100000000, 0x0000000100000000)
  eden space 117248K, 0% used [0x00000000eaa80000,0x00000000eaa80000,0x00000000f1d00000)
  from space 108544K, 72% used [0x00000000f9600000,0x00000000fe27d6b0,0x0000000100000000)
  to   space 116224K, 0% used [0x00000000f1d00000,0x00000000f1d00000,0x00000000f8e80000)
 ParOldGen       total 265216K, used 122113K [0x00000000c0000000, 0x00000000d0300000, 0x00000000eaa80000)
  object space 265216K, 46% used [0x00000000c0000000,0x00000000c77407f0,0x00000000d0300000)
 PSPermGen       total 21504K, used 6394K [0x00000000b5a00000, 0x00000000b6f00000, 0x00000000c0000000)
  object space 21504K, 29% used [0x00000000b5a00000,0x00000000b603eae8,0x00000000b6f00000)
}
Event: 29.153 GC heap before
{Heap before GC invocations=18 (full 3):
 PSYoungGen      total 225792K, used 195573K [0x00000000eaa80000, 0x0000000100000000, 0x0000000100000000)
  eden space 117248K, 100% used [0x00000000eaa80000,0x00000000f1d00000,0x00000000f1d00000)
  from space 108544K, 72% used [0x00000000f9600000,0x00000000fe27d6b0,0x0000000100000000)
  to   space 116224K, 0% used [0x00000000f1d00000,0x00000000f1d00000,0x00000000f8e80000)
 ParOldGen       total 265216K, used 122113K [0x00000000c0000000, 0x00000000d0300000, 0x00000000eaa80000)
  object space 265216K, 46% used [0x00000000c0000000,0x00000000c77407f0,0x00000000d0300000)
 PSPermGen       total 21504K, used 6395K [0x00000000b5a00000, 0x00000000b6f00000, 0x00000000c0000000)
  object space 21504K, 29% used [0x00000000b5a00000,0x00000000b603ed48,0x00000000b6f00000)
Event: 29.552 GC heap after
Heap after GC invocations=18 (full 3):
 PSYoungGen      total 233472K, used 17589K [0x00000000eaa80000, 0x0000000100000000, 0x0000000100000000)
  eden space 117248K, 0% used [0x00000000eaa80000,0x00000000eaa80000,0x00000000f1d00000)
  from space 116224K, 15% used [0x00000000f1d00000,0x00000000f2e2d680,0x00000000f8e80000)
  to   space 113152K, 0% used [0x00000000f9180000,0x00000000f9180000,0x0000000100000000)
 ParOldGen       total 265216K, used 201656K [0x00000000c0000000, 0x00000000d0300000, 0x00000000eaa80000)
  object space 265216K, 76% used [0x00000000c0000000,0x00000000cc4ee3b0,0x00000000d0300000)
 PSPermGen       total 21504K, used 6395K [0x00000000b5a00000, 0x00000000b6f00000, 0x00000000c0000000)
  object space 21504K, 29% used [0x00000000b5a00000,0x00000000b603ed48,0x00000000b6f00000)
}
Event: 29.611 GC heap before
{Heap before GC invocations=19 (full 4):
 PSYoungGen      total 233472K, used 17589K [0x00000000eaa80000, 0x0000000100000000, 0x0000000100000000)
  eden space 117248K, 0% used [0x00000000eaa80000,0x00000000eaa80000,0x00000000f1d00000)
  from space 116224K, 15% used [0x00000000f1d00000,0x00000000f2e2d680,0x00000000f8e80000)
  to   space 113152K, 0% used [0x00000000f9180000,0x00000000f9180000,0x0000000100000000)
 ParOldGen       total 265216K, used 201656K [0x00000000c0000000, 0x00000000d0300000, 0x00000000eaa80000)
  object space 265216K, 76% used [0x00000000c0000000,0x00000000cc4ee3b0,0x00000000d0300000)
 PSPermGen       total 21504K, used 6395K [0x00000000b5a00000, 0x00000000b6f00000, 0x00000000c0000000)
  object space 21504K, 29% used [0x00000000b5a00000,0x00000000b603ed48,0x00000000b6f00000)

