# JRE version: OpenJDK Runtime Environment (7.0_101) (build 1.7.0_101-b00)
# Java VM: OpenJDK 64-Bit Server VM (24.95-b01 mixed mode linux-amd64 compressed oops)
Heap
 PSYoungGen      total 188416K, used 0K [0x00000000eaa80000, 0x0000000100000000, 0x0000000100000000)
  eden space 116224K, 0% used [0x00000000eaa80000,0x00000000eaa80000,0x00000000f1c00000)
  from space 72192K, 0% used [0x00000000f8900000,0x00000000f8900000,0x00000000fcf80000)
  to   space 111616K, 0% used [0x00000000f1c00000,0x00000000f1c00000,0x00000000f8900000)
 ParOldGen       total 172544K, used 157780K [0x00000000c0000000, 0x00000000ca880000, 0x00000000eaa80000)
  object space 172544K, 91% used [0x00000000c0000000,0x00000000c9a151c0,0x00000000ca880000)
 PSPermGen       total 21504K, used 6393K [0x00000000b5a00000, 0x00000000b6f00000, 0x00000000c0000000)
  object space 21504K, 29% used [0x00000000b5a00000,0x00000000b603e558,0x00000000b6f00000)
GC Heap History (10 events):
Event: 12.329 GC heap after
Heap after GC invocations=9 (full 0):
 PSYoungGen      total 140288K, used 21483K [0x00000000eaa80000, 0x00000000fcf80000, 0x0000000100000000)
  eden space 118784K, 0% used [0x00000000eaa80000,0x00000000eaa80000,0x00000000f1e80000)
  from space 21504K, 99% used [0x00000000f1e80000,0x00000000f337ae28,0x00000000f3380000)
  to   space 54784K, 0% used [0x00000000f9a00000,0x00000000f9a00000,0x00000000fcf80000)
 ParOldGen       total 98816K, used 97559K [0x00000000c0000000, 0x00000000c6080000, 0x00000000eaa80000)
  object space 98816K, 98% used [0x00000000c0000000,0x00000000c5f45da0,0x00000000c6080000)
 PSPermGen       total 21504K, used 6381K [0x00000000b5a00000, 0x00000000b6f00000, 0x00000000c0000000)
  object space 21504K, 29% used [0x00000000b5a00000,0x00000000b603b598,0x00000000b6f00000)
}
Event: 12.329 GC heap before
{Heap before GC invocations=10 (full 1):
 PSYoungGen      total 140288K, used 21483K [0x00000000eaa80000, 0x00000000fcf80000, 0x0000000100000000)
  eden space 118784K, 0% used [0x00000000eaa80000,0x00000000eaa80000,0x00000000f1e80000)
  from space 21504K, 99% used [0x00000000f1e80000,0x00000000f337ae28,0x00000000f3380000)
  to   space 54784K, 0% used [0x00000000f9a00000,0x00000000f9a00000,0x00000000fcf80000)
 ParOldGen       total 98816K, used 97559K [0x00000000c0000000, 0x00000000c6080000, 0x00000000eaa80000)
  object space 98816K, 98% used [0x00000000c0000000,0x00000000c5f45da0,0x00000000c6080000)
 PSPermGen       total 21504K, used 6381K [0x00000000b5a00000, 0x00000000b6f00000, 0x00000000c0000000)
  object space 21504K, 29% used [0x00000000b5a00000,0x00000000b603b598,0x00000000b6f00000)
Event: 14.402 GC heap after
Heap after GC invocations=10 (full 1):
 PSYoungGen      total 140288K, used 12014K [0x00000000eaa80000, 0x00000000fcf80000, 0x0000000100000000)
  eden space 118784K, 0% used [0x00000000eaa80000,0x00000000eaa80000,0x00000000f1e80000)
  from space 21504K, 55% used [0x00000000f1e80000,0x00000000f2a3b800,0x00000000f3380000)
  to   space 54784K, 0% used [0x00000000f9a00000,0x00000000f9a00000,0x00000000fcf80000)
 ParOldGen       total 163328K, used 98690K [0x00000000c0000000, 0x00000000c9f80000, 0x00000000eaa80000)
  object space 163328K, 60% used [0x00000000c0000000,0x00000000c60608f8,0x00000000c9f80000)
 PSPermGen       total 21504K, used 6379K [0x00000000b5a00000, 0x00000000b6f00000, 0x00000000c0000000)
  object space 21504K, 29% used [0x00000000b5a00000,0x00000000b603ad08,0x00000000b6f00000)
}
Event: 15.263 GC heap before
{Heap before GC invocations=11 (full 1):
 PSYoungGen      total 140288K, used 130798K [0x00000000eaa80000, 0x00000000fcf80000, 0x0000000100000000)
  eden space 118784K, 100% used [0x00000000eaa80000,0x00000000f1e80000,0x00000000f1e80000)
  from space 21504K, 55% used [0x00000000f1e80000,0x00000000f2a3b800,0x00000000f3380000)
  to   space 54784K, 0% used [0x00000000f9a00000,0x00000000f9a00000,0x00000000fcf80000)
 ParOldGen       total 163328K, used 98690K [0x00000000c0000000, 0x00000000c9f80000, 0x00000000eaa80000)
  object space 163328K, 60% used [0x00000000c0000000,0x00000000c60608f8,0x00000000c9f80000)
 PSPermGen       total 21504K, used 6387K [0x00000000b5a00000, 0x00000000b6f00000, 0x00000000c0000000)
  object space 21504K, 29% used [0x00000000b5a00000,0x00000000b603ced0,0x00000000b6f00000)
Event: 15.426 GC heap after
Heap after GC invocations=11 (full 1):
 PSYoungGen      total 190976K, used 54592K [0x00000000eaa80000, 0x00000000fcf80000, 0x0000000100000000)
  eden space 136192K, 0% used [0x00000000eaa80000,0x00000000eaa80000,0x00000000f2f80000)
  from space 54784K, 99% used [0x00000000f9a00000,0x00000000fcf501b8,0x00000000fcf80000)
  to   space 65024K, 0% used [0x00000000f5080000,0x00000000f5080000,0x00000000f9000000)
 ParOldGen       total 163328K, used 100575K [0x00000000c0000000, 0x00000000c9f80000, 0x00000000eaa80000)
  object space 163328K, 61% used [0x00000000c0000000,0x00000000c6237e38,0x00000000c9f80000)
 PSPermGen       total 21504K, used 6387K [0x00000000b5a00000, 0x00000000b6f00000, 0x00000000c0000000)
  object space 21504K, 29% used [0x00000000b5a00000,0x00000000b603ced0,0x00000000b6f00000)
}
Event: 17.868 GC heap before
{Heap before GC invocations=12 (full 1):
 PSYoungGen      total 190976K, used 190784K [0x00000000eaa80000, 0x00000000fcf80000, 0x0000000100000000)
  eden space 136192K, 100% used [0x00000000eaa80000,0x00000000f2f80000,0x00000000f2f80000)
  from space 54784K, 99% used [0x00000000f9a00000,0x00000000fcf501b8,0x00000000fcf80000)
  to   space 65024K, 0% used [0x00000000f5080000,0x00000000f5080000,0x00000000f9000000)
 ParOldGen       total 163328K, used 100575K [0x00000000c0000000, 0x00000000c9f80000, 0x00000000eaa80000)
  object space 163328K, 61% used [0x00000000c0000000,0x00000000c6237e38,0x00000000c9f80000)
 PSPermGen       total 21504K, used 6393K [0x00000000b5a00000, 0x00000000b6f00000, 0x00000000c0000000)
  object space 21504K, 29% used [0x00000000b5a00000,0x00000000b603e778,0x00000000b6f00000)
Event: 17.968 GC heap after
Heap after GC invocations=12 (full 1):
 PSYoungGen      total 208896K, used 52955K [0x00000000eaa80000, 0x00000000fcf80000, 0x0000000100000000)
  eden space 155648K, 0% used [0x00000000eaa80000,0x00000000eaa80000,0x00000000f4280000)
  from space 53248K, 99% used [0x00000000f5080000,0x00000000f8436c78,0x00000000f8480000)
  to   space 72192K, 0% used [0x00000000f8900000,0x00000000f8900000,0x00000000fcf80000)
 ParOldGen       total 163328K, used 100575K [0x00000000c0000000, 0x00000000c9f80000, 0x00000000eaa80000)
  object space 163328K, 61% used [0x00000000c0000000,0x00000000c6237e38,0x00000000c9f80000)
 PSPermGen       total 21504K, used 6393K [0x00000000b5a00000, 0x00000000b6f00000, 0x00000000c0000000)
  object space 21504K, 29% used [0x00000000b5a00000,0x00000000b603e778,0x00000000b6f00000)
}
Event: 18.746 GC heap before
{Heap before GC invocations=13 (full 1):
 PSYoungGen      total 208896K, used 208603K [0x00000000eaa80000, 0x00000000fcf80000, 0x0000000100000000)
  eden space 155648K, 100% used [0x00000000eaa80000,0x00000000f4280000,0x00000000f4280000)
  from space 53248K, 99% used [0x00000000f5080000,0x00000000f8436c78,0x00000000f8480000)
  to   space 72192K, 0% used [0x00000000f8900000,0x00000000f8900000,0x00000000fcf80000)
 ParOldGen       total 163328K, used 100575K [0x00000000c0000000, 0x00000000c9f80000, 0x00000000eaa80000)
  object space 163328K, 61% used [0x00000000c0000000,0x00000000c6237e38,0x00000000c9f80000)
 PSPermGen       total 21504K, used 6393K [0x00000000b5a00000, 0x00000000b6f00000, 0x00000000c0000000)
  object space 21504K, 29% used [0x00000000b5a00000,0x00000000b603e798,0x00000000b6f00000)
Event: 24.075 GC heap after
Heap after GC invocations=13 (full 1):
 PSYoungGen      total 188416K, used 72166K [0x00000000eaa80000, 0x0000000100000000, 0x0000000100000000)
  eden space 116224K, 0% used [0x00000000eaa80000,0x00000000eaa80000,0x00000000f1c00000)
  from space 72192K, 99% used [0x00000000f8900000,0x00000000fcf79a30,0x00000000fcf80000)
  to   space 111616K, 0% used [0x00000000f1c00000,0x00000000f1c00000,0x00000000f8900000)
 ParOldGen       total 172544K, used 172416K [0x00000000c0000000, 0x00000000ca880000, 0x00000000eaa80000)
  object space 172544K, 99% used [0x00000000c0000000,0x00000000ca8600d8,0x00000000ca880000)
 PSPermGen       total 21504K, used 6393K [0x00000000b5a00000, 0x00000000b6f00000, 0x00000000c0000000)
  object space 21504K, 29% used [0x00000000b5a00000,0x00000000b603e798,0x00000000b6f00000)
}
Event: 24.075 GC heap before
{Heap before GC invocations=14 (full 2):
 PSYoungGen      total 188416K, used 72166K [0x00000000eaa80000, 0x0000000100000000, 0x0000000100000000)
  eden space 116224K, 0% used [0x00000000eaa80000,0x00000000eaa80000,0x00000000f1c00000)
  from space 72192K, 99% used [0x00000000f8900000,0x00000000fcf79a30,0x00000000fcf80000)
  to   space 111616K, 0% used [0x00000000f1c00000,0x00000000f1c00000,0x00000000f8900000)
 ParOldGen       total 172544K, used 172416K [0x00000000c0000000, 0x00000000ca880000, 0x00000000eaa80000)
  object space 172544K, 99% used [0x00000000c0000000,0x00000000ca8600d8,0x00000000ca880000)
 PSPermGen       total 21504K, used 6393K [0x00000000b5a00000, 0x00000000b6f00000, 0x00000000c0000000)
  object space 21504K, 29% used [0x00000000b5a00000,0x00000000b603e798,0x00000000b6f00000)

