# JRE version: OpenJDK Runtime Environment (7.0_101) (build 1.7.0_101-b00)
# Java VM: OpenJDK 64-Bit Server VM (24.95-b01 mixed mode linux-amd64 compressed oops)
Heap
 PSYoungGen      total 222720K, used 0K [0x00000000eaa80000, 0x0000000100000000, 0x0000000100000000)
  eden space 117248K, 0% used [0x00000000eaa80000,0x00000000eaa80000,0x00000000f1d00000)
  from space 105472K, 0% used [0x00000000f9900000,0x00000000f9900000,0x0000000100000000)
  to   space 116224K, 0% used [0x00000000f1d00000,0x00000000f1d00000,0x00000000f8e80000)
 ParOldGen       total 266752K, used 197080K [0x00000000c0000000, 0x00000000d0480000, 0x00000000eaa80000)
  object space 266752K, 73% used [0x00000000c0000000,0x00000000cc076208,0x00000000d0480000)
 PSPermGen       total 21504K, used 6397K [0x00000000b5a00000, 0x00000000b6f00000, 0x00000000c0000000)
  object space 21504K, 29% used [0x00000000b5a00000,0x00000000b603f660,0x00000000b6f00000)
GC Heap History (10 events):
Event: 14.941 GC heap after
Heap after GC invocations=12 (full 2):
 PSYoungGen      total 197120K, used 22388K [0x00000000eaa80000, 0x00000000fce80000, 0x0000000100000000)
  eden space 142848K, 0% used [0x00000000eaa80000,0x00000000eaa80000,0x00000000f3600000)
  from space 54272K, 41% used [0x00000000f9980000,0x00000000faf5d370,0x00000000fce80000)
  to   space 77312K, 0% used [0x00000000f3780000,0x00000000f3780000,0x00000000f8300000)
 ParOldGen       total 255488K, used 159375K [0x00000000c0000000, 0x00000000cf980000, 0x00000000eaa80000)
  object space 255488K, 62% used [0x00000000c0000000,0x00000000c9ba3f18,0x00000000cf980000)
 PSPermGen       total 21504K, used 6379K [0x00000000b5a00000, 0x00000000b6f00000, 0x00000000c0000000)
  object space 21504K, 29% used [0x00000000b5a00000,0x00000000b603ae78,0x00000000b6f00000)
}
Event: 16.347 GC heap before
{Heap before GC invocations=13 (full 2):
 PSYoungGen      total 197120K, used 165236K [0x00000000eaa80000, 0x00000000fce80000, 0x0000000100000000)
  eden space 142848K, 100% used [0x00000000eaa80000,0x00000000f3600000,0x00000000f3600000)
  from space 54272K, 41% used [0x00000000f9980000,0x00000000faf5d370,0x00000000fce80000)
  to   space 77312K, 0% used [0x00000000f3780000,0x00000000f3780000,0x00000000f8300000)
 ParOldGen       total 255488K, used 159375K [0x00000000c0000000, 0x00000000cf980000, 0x00000000eaa80000)
  object space 255488K, 62% used [0x00000000c0000000,0x00000000c9ba3f18,0x00000000cf980000)
 PSPermGen       total 21504K, used 6392K [0x00000000b5a00000, 0x00000000b6f00000, 0x00000000c0000000)
  object space 21504K, 29% used [0x00000000b5a00000,0x00000000b603e0f8,0x00000000b6f00000)
Event: 18.992 GC heap after
Heap after GC invocations=13 (full 2):
 PSYoungGen      total 221696K, used 41803K [0x00000000eaa80000, 0x00000000fe580000, 0x0000000100000000)
  eden space 144384K, 0% used [0x00000000eaa80000,0x00000000eaa80000,0x00000000f3780000)
  from space 77312K, 54% used [0x00000000f3780000,0x00000000f6052fb8,0x00000000f8300000)
  to   space 78336K, 0% used [0x00000000f9900000,0x00000000f9900000,0x00000000fe580000)
 ParOldGen       total 255488K, used 183020K [0x00000000c0000000, 0x00000000cf980000, 0x00000000eaa80000)
  object space 255488K, 71% used [0x00000000c0000000,0x00000000cb2bb020,0x00000000cf980000)
 PSPermGen       total 21504K, used 6392K [0x00000000b5a00000, 0x00000000b6f00000, 0x00000000c0000000)
  object space 21504K, 29% used [0x00000000b5a00000,0x00000000b603e0f8,0x00000000b6f00000)
}
Event: 20.807 GC heap before
{Heap before GC invocations=14 (full 2):
 PSYoungGen      total 221696K, used 186187K [0x00000000eaa80000, 0x00000000fe580000, 0x0000000100000000)
  eden space 144384K, 100% used [0x00000000eaa80000,0x00000000f3780000,0x00000000f3780000)
  from space 77312K, 54% used [0x00000000f3780000,0x00000000f6052fb8,0x00000000f8300000)
  to   space 78336K, 0% used [0x00000000f9900000,0x00000000f9900000,0x00000000fe580000)
 ParOldGen       total 255488K, used 183020K [0x00000000c0000000, 0x00000000cf980000, 0x00000000eaa80000)
  object space 255488K, 71% used [0x00000000c0000000,0x00000000cb2bb020,0x00000000cf980000)
 PSPermGen       total 21504K, used 6392K [0x00000000b5a00000, 0x00000000b6f00000, 0x00000000c0000000)
  object space 21504K, 29% used [0x00000000b5a00000,0x00000000b603e0f8,0x00000000b6f00000)
Event: 20.964 GC heap after
Heap after GC invocations=14 (full 2):
 PSYoungGen      total 233472K, used 69829K [0x00000000eaa80000, 0x00000000ffa00000, 0x0000000100000000)
  eden space 155136K, 0% used [0x00000000eaa80000,0x00000000eaa80000,0x00000000f4200000)
  from space 78336K, 89% used [0x00000000f9900000,0x00000000fdd314b8,0x00000000fe580000)
  to   space 89088K, 0% used [0x00000000f4200000,0x00000000f4200000,0x00000000f9900000)
 ParOldGen       total 255488K, used 183020K [0x00000000c0000000, 0x00000000cf980000, 0x00000000eaa80000)
  object space 255488K, 71% used [0x00000000c0000000,0x00000000cb2bb020,0x00000000cf980000)
 PSPermGen       total 21504K, used 6392K [0x00000000b5a00000, 0x00000000b6f00000, 0x00000000c0000000)
  object space 21504K, 29% used [0x00000000b5a00000,0x00000000b603e0f8,0x00000000b6f00000)
}
Event: 23.193 GC heap before
{Heap before GC invocations=15 (full 2):
 PSYoungGen      total 233472K, used 224965K [0x00000000eaa80000, 0x00000000ffa00000, 0x0000000100000000)
  eden space 155136K, 100% used [0x00000000eaa80000,0x00000000f4200000,0x00000000f4200000)
  from space 78336K, 89% used [0x00000000f9900000,0x00000000fdd314b8,0x00000000fe580000)
  to   space 89088K, 0% used [0x00000000f4200000,0x00000000f4200000,0x00000000f9900000)
 ParOldGen       total 255488K, used 183020K [0x00000000c0000000, 0x00000000cf980000, 0x00000000eaa80000)
  object space 255488K, 71% used [0x00000000c0000000,0x00000000cb2bb020,0x00000000cf980000)
 PSPermGen       total 21504K, used 6397K [0x00000000b5a00000, 0x00000000b6f00000, 0x00000000c0000000)
  object space 21504K, 29% used [0x00000000b5a00000,0x00000000b603f780,0x00000000b6f00000)
Event: 23.403 GC heap after
Heap after GC invocations=15 (full 2):
 PSYoungGen      total 244224K, used 89065K [0x00000000eaa80000, 0x0000000100000000, 0x0000000100000000)
  eden space 155136K, 0% used [0x00000000eaa80000,0x00000000eaa80000,0x00000000f4200000)
  from space 89088K, 99% used [0x00000000f4200000,0x00000000f98fa7d8,0x00000000f9900000)
  to   space 105472K, 0% used [0x00000000f9900000,0x00000000f9900000,0x0000000100000000)
 ParOldGen       total 255488K, used 201313K [0x00000000c0000000, 0x00000000cf980000, 0x00000000eaa80000)
  object space 255488K, 78% used [0x00000000c0000000,0x00000000cc4986f0,0x00000000cf980000)
 PSPermGen       total 21504K, used 6397K [0x00000000b5a00000, 0x00000000b6f00000, 0x00000000c0000000)
  object space 21504K, 29% used [0x00000000b5a00000,0x00000000b603f780,0x00000000b6f00000)
}
Event: 23.725 GC heap before
{Heap before GC invocations=16 (full 2):
 PSYoungGen      total 244224K, used 244201K [0x00000000eaa80000, 0x0000000100000000, 0x0000000100000000)
  eden space 155136K, 100% used [0x00000000eaa80000,0x00000000f4200000,0x00000000f4200000)
  from space 89088K, 99% used [0x00000000f4200000,0x00000000f98fa7d8,0x00000000f9900000)
  to   space 105472K, 0% used [0x00000000f9900000,0x00000000f9900000,0x0000000100000000)
 ParOldGen       total 255488K, used 201313K [0x00000000c0000000, 0x00000000cf980000, 0x00000000eaa80000)
  object space 255488K, 78% used [0x00000000c0000000,0x00000000cc4986f0,0x00000000cf980000)
 PSPermGen       total 21504K, used 6398K [0x00000000b5a00000, 0x00000000b6f00000, 0x00000000c0000000)
  object space 21504K, 29% used [0x00000000b5a00000,0x00000000b603f9e0,0x00000000b6f00000)
Event: 24.067 GC heap after
Heap after GC invocations=16 (full 2):
 PSYoungGen      total 222720K, used 105450K [0x00000000eaa80000, 0x0000000100000000, 0x0000000100000000)
  eden space 117248K, 0% used [0x00000000eaa80000,0x00000000eaa80000,0x00000000f1d00000)
  from space 105472K, 99% used [0x00000000f9900000,0x00000000ffffa910,0x0000000100000000)
  to   space 116224K, 0% used [0x00000000f1d00000,0x00000000f1d00000,0x00000000f8e80000)
 ParOldGen       total 266752K, used 265253K [0x00000000c0000000, 0x00000000d0480000, 0x00000000eaa80000)
  object space 266752K, 99% used [0x00000000c0000000,0x00000000d03097c0,0x00000000d0480000)
 PSPermGen       total 21504K, used 6398K [0x00000000b5a00000, 0x00000000b6f00000, 0x00000000c0000000)
  object space 21504K, 29% used [0x00000000b5a00000,0x00000000b603f9e0,0x00000000b6f00000)
}
Event: 24.084 GC heap before
{Heap before GC invocations=17 (full 3):
 PSYoungGen      total 222720K, used 105450K [0x00000000eaa80000, 0x0000000100000000, 0x0000000100000000)
  eden space 117248K, 0% used [0x00000000eaa80000,0x00000000eaa80000,0x00000000f1d00000)
  from space 105472K, 99% used [0x00000000f9900000,0x00000000ffffa910,0x0000000100000000)
  to   space 116224K, 0% used [0x00000000f1d00000,0x00000000f1d00000,0x00000000f8e80000)
 ParOldGen       total 266752K, used 265253K [0x00000000c0000000, 0x00000000d0480000, 0x00000000eaa80000)
  object space 266752K, 99% used [0x00000000c0000000,0x00000000d03097c0,0x00000000d0480000)
 PSPermGen       total 21504K, used 6398K [0x00000000b5a00000, 0x00000000b6f00000, 0x00000000c0000000)
  object space 21504K, 29% used [0x00000000b5a00000,0x00000000b603f9e0,0x00000000b6f00000)

