# JRE version: OpenJDK Runtime Environment (7.0_101) (build 1.7.0_101-b00)
# Java VM: OpenJDK 64-Bit Server VM (24.95-b01 mixed mode linux-amd64 compressed oops)
Heap
 PSYoungGen      total 199168K, used 0K [0x00000000eaa80000, 0x0000000100000000, 0x0000000100000000)
  eden space 117248K, 0% used [0x00000000eaa80000,0x00000000eaa80000,0x00000000f1d00000)
  from space 81920K, 0% used [0x00000000fb000000,0x00000000fb000000,0x0000000100000000)
  to   space 116224K, 0% used [0x00000000f1d00000,0x00000000f1d00000,0x00000000f8e80000)
 ParOldGen       total 256000K, used 198543K [0x00000000c0000000, 0x00000000cfa00000, 0x00000000eaa80000)
  object space 256000K, 77% used [0x00000000c0000000,0x00000000cc1e3fb0,0x00000000cfa00000)
 PSPermGen       total 21504K, used 6390K [0x00000000b5a00000, 0x00000000b6f00000, 0x00000000c0000000)
  object space 21504K, 29% used [0x00000000b5a00000,0x00000000b603d868,0x00000000b6f00000)
GC Heap History (10 events):
Event: 22.389 GC heap after
Heap after GC invocations=13 (full 2):
 PSYoungGen      total 243712K, used 49920K [0x00000000eaa80000, 0x0000000100000000, 0x0000000100000000)
  eden space 165888K, 0% used [0x00000000eaa80000,0x00000000eaa80000,0x00000000f4c80000)
  from space 77824K, 64% used [0x00000000f4c80000,0x00000000f7d40030,0x00000000f9880000)
  to   space 81920K, 0% used [0x00000000fb000000,0x00000000fb000000,0x0000000100000000)
 ParOldGen       total 237056K, used 186917K [0x00000000c0000000, 0x00000000ce780000, 0x00000000eaa80000)
  object space 237056K, 78% used [0x00000000c0000000,0x00000000cb6894c0,0x00000000ce780000)
 PSPermGen       total 21504K, used 6385K [0x00000000b5a00000, 0x00000000b6f00000, 0x00000000c0000000)
  object space 21504K, 29% used [0x00000000b5a00000,0x00000000b603c700,0x00000000b6f00000)
}
Event: 24.908 GC heap before
{Heap before GC invocations=14 (full 2):
 PSYoungGen      total 243712K, used 215713K [0x00000000eaa80000, 0x0000000100000000, 0x0000000100000000)
  eden space 165888K, 99% used [0x00000000eaa80000,0x00000000f4c68660,0x00000000f4c80000)
  from space 77824K, 64% used [0x00000000f4c80000,0x00000000f7d40030,0x00000000f9880000)
  to   space 81920K, 0% used [0x00000000fb000000,0x00000000fb000000,0x0000000100000000)
 ParOldGen       total 237056K, used 186917K [0x00000000c0000000, 0x00000000ce780000, 0x00000000eaa80000)
  object space 237056K, 78% used [0x00000000c0000000,0x00000000cb6894c0,0x00000000ce780000)
 PSPermGen       total 21504K, used 6389K [0x00000000b5a00000, 0x00000000b6f00000, 0x00000000c0000000)
  object space 21504K, 29% used [0x00000000b5a00000,0x00000000b603d580,0x00000000b6f00000)
Event: 25.052 GC heap after
Heap after GC invocations=14 (full 2):
 PSYoungGen      total 268288K, used 32313K [0x00000000eaa80000, 0x00000000ffd00000, 0x0000000100000000)
  eden space 189440K, 0% used [0x00000000eaa80000,0x00000000eaa80000,0x00000000f6380000)
  from space 78848K, 40% used [0x00000000fb000000,0x00000000fcf8e428,0x00000000ffd00000)
  to   space 78336K, 0% used [0x00000000f6380000,0x00000000f6380000,0x00000000fb000000)
 ParOldGen       total 237056K, used 231727K [0x00000000c0000000, 0x00000000ce780000, 0x00000000eaa80000)
  object space 237056K, 97% used [0x00000000c0000000,0x00000000ce24bff0,0x00000000ce780000)
 PSPermGen       total 21504K, used 6389K [0x00000000b5a00000, 0x00000000b6f00000, 0x00000000c0000000)
  object space 21504K, 29% used [0x00000000b5a00000,0x00000000b603d580,0x00000000b6f00000)
}
Event: 25.052 GC heap before
{Heap before GC invocations=15 (full 3):
 PSYoungGen      total 268288K, used 32313K [0x00000000eaa80000, 0x00000000ffd00000, 0x0000000100000000)
  eden space 189440K, 0% used [0x00000000eaa80000,0x00000000eaa80000,0x00000000f6380000)
  from space 78848K, 40% used [0x00000000fb000000,0x00000000fcf8e428,0x00000000ffd00000)
  to   space 78336K, 0% used [0x00000000f6380000,0x00000000f6380000,0x00000000fb000000)
 ParOldGen       total 237056K, used 231727K [0x00000000c0000000, 0x00000000ce780000, 0x00000000eaa80000)
  object space 237056K, 97% used [0x00000000c0000000,0x00000000ce24bff0,0x00000000ce780000)
 PSPermGen       total 21504K, used 6389K [0x00000000b5a00000, 0x00000000b6f00000, 0x00000000c0000000)
  object space 21504K, 29% used [0x00000000b5a00000,0x00000000b603d580,0x00000000b6f00000)
Event: 25.788 GC heap after
Heap after GC invocations=15 (full 3):
 PSYoungGen      total 268288K, used 0K [0x00000000eaa80000, 0x00000000ffd00000, 0x0000000100000000)
  eden space 189440K, 0% used [0x00000000eaa80000,0x00000000eaa80000,0x00000000f6380000)
  from space 78848K, 0% used [0x00000000fb000000,0x00000000fb000000,0x00000000ffd00000)
  to   space 78336K, 0% used [0x00000000f6380000,0x00000000f6380000,0x00000000fb000000)
 ParOldGen       total 253952K, used 148415K [0x00000000c0000000, 0x00000000cf800000, 0x00000000eaa80000)
  object space 253952K, 58% used [0x00000000c0000000,0x00000000c90eff18,0x00000000cf800000)
 PSPermGen       total 21504K, used 6389K [0x00000000b5a00000, 0x00000000b6f00000, 0x00000000c0000000)
  object space 21504K, 29% used [0x00000000b5a00000,0x00000000b603d540,0x00000000b6f00000)
}
Event: 27.469 GC heap before
{Heap before GC invocations=16 (full 3):
 PSYoungGen      total 268288K, used 189440K [0x00000000eaa80000, 0x00000000ffd00000, 0x0000000100000000)
  eden space 189440K, 100% used [0x00000000eaa80000,0x00000000f6380000,0x00000000f6380000)
  from space 78848K, 0% used [0x00000000fb000000,0x00000000fb000000,0x00000000ffd00000)
  to   space 78336K, 0% used [0x00000000f6380000,0x00000000f6380000,0x00000000fb000000)
 ParOldGen       total 253952K, used 148415K [0x00000000c0000000, 0x00000000cf800000, 0x00000000eaa80000)
  object space 253952K, 58% used [0x00000000c0000000,0x00000000c90eff18,0x00000000cf800000)
 PSPermGen       total 21504K, used 6390K [0x00000000b5a00000, 0x00000000b6f00000, 0x00000000c0000000)
  object space 21504K, 29% used [0x00000000b5a00000,0x00000000b603d868,0x00000000b6f00000)
Event: 27.624 GC heap after
Heap after GC invocations=16 (full 3):
 PSYoungGen      total 267776K, used 78332K [0x00000000eaa80000, 0x0000000100000000, 0x0000000100000000)
  eden space 189440K, 0% used [0x00000000eaa80000,0x00000000eaa80000,0x00000000f6380000)
  from space 78336K, 99% used [0x00000000f6380000,0x00000000fafff268,0x00000000fb000000)
  to   space 81920K, 0% used [0x00000000fb000000,0x00000000fb000000,0x0000000100000000)
 ParOldGen       total 253952K, used 176316K [0x00000000c0000000, 0x00000000cf800000, 0x00000000eaa80000)
  object space 253952K, 69% used [0x00000000c0000000,0x00000000cac2f130,0x00000000cf800000)
 PSPermGen       total 21504K, used 6390K [0x00000000b5a00000, 0x00000000b6f00000, 0x00000000c0000000)
  object space 21504K, 29% used [0x00000000b5a00000,0x00000000b603d868,0x00000000b6f00000)
}
Event: 28.511 GC heap before
{Heap before GC invocations=17 (full 3):
 PSYoungGen      total 267776K, used 267772K [0x00000000eaa80000, 0x0000000100000000, 0x0000000100000000)
  eden space 189440K, 100% used [0x00000000eaa80000,0x00000000f6380000,0x00000000f6380000)
  from space 78336K, 99% used [0x00000000f6380000,0x00000000fafff268,0x00000000fb000000)
  to   space 81920K, 0% used [0x00000000fb000000,0x00000000fb000000,0x0000000100000000)
 ParOldGen       total 253952K, used 176316K [0x00000000c0000000, 0x00000000cf800000, 0x00000000eaa80000)
  object space 253952K, 69% used [0x00000000c0000000,0x00000000cac2f130,0x00000000cf800000)
 PSPermGen       total 21504K, used 6390K [0x00000000b5a00000, 0x00000000b6f00000, 0x00000000c0000000)
  object space 21504K, 29% used [0x00000000b5a00000,0x00000000b603d928,0x00000000b6f00000)
Event: 32.645 GC heap after
Heap after GC invocations=17 (full 3):
 PSYoungGen      total 199168K, used 81916K [0x00000000eaa80000, 0x0000000100000000, 0x0000000100000000)
  eden space 117248K, 0% used [0x00000000eaa80000,0x00000000eaa80000,0x00000000f1d00000)
  from space 81920K, 99% used [0x00000000fb000000,0x00000000fffff0f0,0x0000000100000000)
  to   space 116224K, 0% used [0x00000000f1d00000,0x00000000f1d00000,0x00000000f8e80000)
 ParOldGen       total 256000K, used 255717K [0x00000000c0000000, 0x00000000cfa00000, 0x00000000eaa80000)
  object space 256000K, 99% used [0x00000000c0000000,0x00000000cf9b94e0,0x00000000cfa00000)
 PSPermGen       total 21504K, used 6390K [0x00000000b5a00000, 0x00000000b6f00000, 0x00000000c0000000)
  object space 21504K, 29% used [0x00000000b5a00000,0x00000000b603d928,0x00000000b6f00000)
}
Event: 32.645 GC heap before
{Heap before GC invocations=18 (full 4):
 PSYoungGen      total 199168K, used 81916K [0x00000000eaa80000, 0x0000000100000000, 0x0000000100000000)
  eden space 117248K, 0% used [0x00000000eaa80000,0x00000000eaa80000,0x00000000f1d00000)
  from space 81920K, 99% used [0x00000000fb000000,0x00000000fffff0f0,0x0000000100000000)
  to   space 116224K, 0% used [0x00000000f1d00000,0x00000000f1d00000,0x00000000f8e80000)
 ParOldGen       total 256000K, used 255717K [0x00000000c0000000, 0x00000000cfa00000, 0x00000000eaa80000)
  object space 256000K, 99% used [0x00000000c0000000,0x00000000cf9b94e0,0x00000000cfa00000)
 PSPermGen       total 21504K, used 6390K [0x00000000b5a00000, 0x00000000b6f00000, 0x00000000c0000000)
  object space 21504K, 29% used [0x00000000b5a00000,0x00000000b603d928,0x00000000b6f00000)

